<?xml version="1.0" encoding="UTF-8"?>
<!-- Generated by org.testng.reporters.JUnitReportReporter -->
<testsuite hostname="DESKTOP-V9F3SFN" failures="0" tests="3" name="com.paynet.test.DemoTest" time="0.032" errors="0" timestamp="2022-03-31T10:03:26 MYT" skipped="0">
  <testcase classname="com.paynet.test.DemoTest" name="validTest" time="0.022"/>
  <system-out/>
  <testcase classname="com.paynet.test.DemoTest" name="validTest" time="0.006"/>
  <system-out/>
  <testcase classname="com.paynet.test.DemoTest" name="validTest" time="0.004"/>
  <system-out/>
</testsuite> <!-- com.paynet.test.DemoTest -->
