<?xml version="1.0" encoding="UTF-8"?>
<!-- Generated by org.testng.reporters.JUnitReportReporter -->
<testsuite skipped="0" hostname="DESKTOP-V9F3SFN" name="com.paynet.test.LoginUITest" tests="1" failures="0" timestamp="2022-03-31T15:03:04 SGT" time="11.072" errors="0">
  <testcase name="validateTitleTest" time="11.072" classname="com.paynet.test.LoginUITest"/>
  <system-out/>
</testsuite> <!-- com.paynet.test.LoginUITest -->
